<?xml version="1.0" encoding="UTF-8"?>
<!-- Generated by org.testng.reporters.JUnitReportReporter -->
<testsuite hostname="Girish" failures="0" tests="2" name="pack2.OrgTest" time="0.007" errors="0" timestamp="2025-09-22T15:21:48 IST" skipped="0">
  <testcase classname="pack2.OrgTest" name="orgSearchTest" time="0.003"/>
  <testcase classname="pack2.OrgTest" name="OrgCreateTest" time="0.004"/>
</testsuite> <!-- pack2.OrgTest -->
