<?xml version="1.0" encoding="UTF-8"?>
<!-- Generated by org.testng.reporters.JUnitReportReporter -->
<testsuite hostname="Girish" failures="0" tests="2" name="pack1.ContactTest" time="0.018" errors="0" timestamp="2025-09-22T15:21:48 IST" skipped="0">
  <testcase classname="pack1.ContactTest" name="contactTest" time="0.006"/>
  <testcase classname="pack1.ContactTest" name="contactSearch" time="0.012"/>
</testsuite> <!-- pack1.ContactTest -->
