<?xml version="1.0" encoding="UTF-8"?>
<!-- Generated by org.testng.reporters.JUnitReportReporter -->
<testsuite hostname="Girish" failures="0" tests="2" name="pack1.ContactTest" time="0.016" errors="0" timestamp="2025-09-22T15:25:49 IST" skipped="0">
  <testcase classname="pack1.ContactTest" name="contactSearch" time="0.007"/>
  <testcase classname="pack1.ContactTest" name="contactTest" time="0.009"/>
</testsuite> <!-- pack1.ContactTest -->
