<?xml version="1.0" encoding="UTF-8"?>
<!-- Generated by org.testng.reporters.JUnitReportReporter -->
<testsuite hostname="Girish" failures="0" tests="3" name="pack1.ContactTest" time="0.013" errors="0" timestamp="2025-09-24T15:04:44 IST" skipped="0">
  <testcase classname="pack1.ContactTest" name="contactSearch" time="0.002"/>
  <testcase classname="pack1.ContactTest" name="contactDelete" time="0.008"/>
  <testcase classname="pack1.ContactTest" name="contactTest" time="0.003"/>
</testsuite> <!-- pack1.ContactTest -->
